[1/19] cl /c /Zc:__cplusplus /Zp8 /GR /W3 /EHs /nologo /MD /D_CRT_SECURE_NO_DEPRECATE /D_SCL_SECURE_NO_DEPRECATE /D_SECURE_SCL=0   /DMATLAB_MEX_FILE  /DMATLAB_MEX_FILE /O2 /Oy- /DNDEBUG /fp:strict /utf-8 /I "." /I "C:\Users\thatf\OneDrive\Documents\Purdue Classes\AAE 590ACA\AAE590ACA-Stochastic-SCP-Rocket-Landing\Deterministic SCP\PIPG" /I ".\interface" /I "C:\Program Files\MATLAB\R2024b\extern\include" /I "." -DMODEL=PIPG_orig_precond_Dexplicit_mex   PIPG_orig_precond_Dexplicit_data.c /Fobuild\win64\PIPG_orig_precond_Dexplicit_data.obj
PIPG_orig_precond_Dexplicit_data.c
[2/19] cl /c /Zc:__cplusplus /Zp8 /GR /W3 /EHs /nologo /MD /D_CRT_SECURE_NO_DEPRECATE /D_SCL_SECURE_NO_DEPRECATE /D_SECURE_SCL=0   /DMATLAB_MEX_FILE  /DMATLAB_MEX_FILE /O2 /Oy- /DNDEBUG /fp:strict /utf-8 /I "." /I "C:\Users\thatf\OneDrive\Documents\Purdue Classes\AAE 590ACA\AAE590ACA-Stochastic-SCP-Rocket-Landing\Deterministic SCP\PIPG" /I ".\interface" /I "C:\Program Files\MATLAB\R2024b\extern\include" /I "." -DMODEL=PIPG_orig_precond_Dexplicit_mex   mod.c /Fobuild\win64\mod.obj
mod.c
[3/19] cl /c /Zc:__cplusplus /Zp8 /GR /W3 /EHs /nologo /MD /D_CRT_SECURE_NO_DEPRECATE /D_SCL_SECURE_NO_DEPRECATE /D_SECURE_SCL=0   /DMATLAB_MEX_FILE  /DMATLAB_MEX_FILE /O2 /Oy- /DNDEBUG /fp:strict /utf-8 /I "." /I "C:\Users\thatf\OneDrive\Documents\Purdue Classes\AAE 590ACA\AAE590ACA-Stochastic-SCP-Rocket-Landing\Deterministic SCP\PIPG" /I ".\interface" /I "C:\Program Files\MATLAB\R2024b\extern\include" /I "." -DMODEL=PIPG_orig_precond_Dexplicit_mex   PIPG_orig_precond_Dexplicit_terminate.c /Fobuild\win64\PIPG_orig_precond_Dexplicit_terminate.obj
PIPG_orig_precond_Dexplicit_terminate.c
[4/19] cl /c /Zc:__cplusplus /Zp8 /GR /W3 /EHs /nologo /MD /D_CRT_SECURE_NO_DEPRECATE /D_SCL_SECURE_NO_DEPRECATE /D_SECURE_SCL=0   /DMATLAB_MEX_FILE  /DMATLAB_MEX_FILE /O2 /Oy- /DNDEBUG /fp:strict /utf-8 /I "." /I "C:\Users\thatf\OneDrive\Documents\Purdue Classes\AAE 590ACA\AAE590ACA-Stochastic-SCP-Rocket-Landing\Deterministic SCP\PIPG" /I ".\interface" /I "C:\Program Files\MATLAB\R2024b\extern\include" /I "." -DMODEL=PIPG_orig_precond_Dexplicit_mex   tic.c /Fobuild\win64\tic.obj
tic.c
[5/19] cl /c /Zc:__cplusplus /Zp8 /GR /W3 /EHs /nologo /MD /D_CRT_SECURE_NO_DEPRECATE /D_SCL_SECURE_NO_DEPRECATE /D_SECURE_SCL=0   /DMATLAB_MEX_FILE  /DMATLAB_MEX_FILE /O2 /Oy- /DNDEBUG /fp:strict /utf-8 /I "." /I "C:\Users\thatf\OneDrive\Documents\Purdue Classes\AAE 590ACA\AAE590ACA-Stochastic-SCP-Rocket-Landing\Deterministic SCP\PIPG" /I ".\interface" /I "C:\Program Files\MATLAB\R2024b\extern\include" /I "." -DMODEL=PIPG_orig_precond_Dexplicit_mex   eml_int_forloop_overflow_check.c /Fobuild\win64\eml_int_forloop_overflow_check.obj
eml_int_forloop_overflow_check.c
[6/19] cl /c /Zc:__cplusplus /Zp8 /GR /W3 /EHs /nologo /MD /D_CRT_SECURE_NO_DEPRECATE /D_SCL_SECURE_NO_DEPRECATE /D_SECURE_SCL=0   /DMATLAB_MEX_FILE  /DMATLAB_MEX_FILE /O2 /Oy- /DNDEBUG /fp:strict /utf-8 /I "." /I "C:\Users\thatf\OneDrive\Documents\Purdue Classes\AAE 590ACA\AAE590ACA-Stochastic-SCP-Rocket-Landing\Deterministic SCP\PIPG" /I ".\interface" /I "C:\Program Files\MATLAB\R2024b\extern\include" /I "." -DMODEL=PIPG_orig_precond_Dexplicit_mex   interface\_coder_PIPG_orig_precond_Dexplicit_info.c /Fobuild\win64\_coder_PIPG_orig_precond_Dexplicit_info.obj
_coder_PIPG_orig_precond_Dexplicit_info.c
[7/19] cl /c /Zc:__cplusplus /Zp8 /GR /W3 /EHs /nologo /MD /D_CRT_SECURE_NO_DEPRECATE /D_SCL_SECURE_NO_DEPRECATE /D_SECURE_SCL=0   /DMATLAB_MEX_FILE  /DMATLAB_MEX_FILE /O2 /Oy- /DNDEBUG /fp:strict /utf-8 /I "." /I "C:\Users\thatf\OneDrive\Documents\Purdue Classes\AAE 590ACA\AAE590ACA-Stochastic-SCP-Rocket-Landing\Deterministic SCP\PIPG" /I ".\interface" /I "C:\Program Files\MATLAB\R2024b\extern\include" /I "." -DMODEL=PIPG_orig_precond_Dexplicit_mex   mtimes.c /Fobuild\win64\mtimes.obj
mtimes.c
[8/19] cl /c /Zc:__cplusplus /Zp8 /GR /W3 /EHs /nologo /MD /D_CRT_SECURE_NO_DEPRECATE /D_SCL_SECURE_NO_DEPRECATE /D_SECURE_SCL=0   /DMATLAB_MEX_FILE  /DMATLAB_MEX_FILE /O2 /Oy- /DNDEBUG /fp:strict /utf-8 /I "." /I "C:\Users\thatf\OneDrive\Documents\Purdue Classes\AAE 590ACA\AAE590ACA-Stochastic-SCP-Rocket-Landing\Deterministic SCP\PIPG" /I ".\interface" /I "C:\Program Files\MATLAB\R2024b\extern\include" /I "." -DMODEL=PIPG_orig_precond_Dexplicit_mex   toc.c /Fobuild\win64\toc.obj
toc.c
[9/19] cl /c /Zc:__cplusplus /Zp8 /GR /W3 /EHs /nologo /MD /D_CRT_SECURE_NO_DEPRECATE /D_SCL_SECURE_NO_DEPRECATE /D_SECURE_SCL=0   /DMATLAB_MEX_FILE  /DMATLAB_MEX_FILE /O2 /Oy- /DNDEBUG /fp:strict /utf-8 /I "." /I "C:\Users\thatf\OneDrive\Documents\Purdue Classes\AAE 590ACA\AAE590ACA-Stochastic-SCP-Rocket-Landing\Deterministic SCP\PIPG" /I ".\interface" /I "C:\Program Files\MATLAB\R2024b\extern\include" /I "." -DMODEL=PIPG_orig_precond_Dexplicit_mex   rt_nonfinite.c /Fobuild\win64\rt_nonfinite.obj
rt_nonfinite.c
[10/19] cl /c /Zc:__cplusplus /Zp8 /GR /W3 /EHs /nologo /MD /D_CRT_SECURE_NO_DEPRECATE /D_SCL_SECURE_NO_DEPRECATE /D_SECURE_SCL=0   /DMATLAB_MEX_FILE  /DMATLAB_MEX_FILE /O2 /Oy- /DNDEBUG /fp:strict /utf-8 /I "." /I "C:\Users\thatf\OneDrive\Documents\Purdue Classes\AAE 590ACA\AAE590ACA-Stochastic-SCP-Rocket-Landing\Deterministic SCP\PIPG" /I ".\interface" /I "C:\Program Files\MATLAB\R2024b\extern\include" /I "." -DMODEL=PIPG_orig_precond_Dexplicit_mex   PIPG_orig_precond_Dexplicit_mexutil.c /Fobuild\win64\PIPG_orig_precond_Dexplicit_mexutil.obj
PIPG_orig_precond_Dexplicit_mexutil.c
[11/19] cl /c /Zc:__cplusplus /Zp8 /GR /W3 /EHs /nologo /MD /D_CRT_SECURE_NO_DEPRECATE /D_SCL_SECURE_NO_DEPRECATE /D_SECURE_SCL=0   /DMATLAB_MEX_FILE  /DMATLAB_MEX_FILE /O2 /Oy- /DNDEBUG /fp:strict /utf-8 /I "." /I "C:\Users\thatf\OneDrive\Documents\Purdue Classes\AAE 590ACA\AAE590ACA-Stochastic-SCP-Rocket-Landing\Deterministic SCP\PIPG" /I ".\interface" /I "C:\Program Files\MATLAB\R2024b\extern\include" /I "." -DMODEL=PIPG_orig_precond_Dexplicit_mex   "C:\Program Files\MATLAB\R2024b\extern\version\c_mexapi_version.c" /Fobuild\win64\c_mexapi_version.obj
c_mexapi_version.c
[12/19] cl /c /Zc:__cplusplus /Zp8 /GR /W3 /EHs /nologo /MD /D_CRT_SECURE_NO_DEPRECATE /D_SCL_SECURE_NO_DEPRECATE /D_SECURE_SCL=0   /DMATLAB_MEX_FILE  /DMATLAB_MEX_FILE /O2 /Oy- /DNDEBUG /fp:strict /utf-8 /I "." /I "C:\Users\thatf\OneDrive\Documents\Purdue Classes\AAE 590ACA\AAE590ACA-Stochastic-SCP-Rocket-Landing\Deterministic SCP\PIPG" /I ".\interface" /I "C:\Program Files\MATLAB\R2024b\extern\include" /I "." -DMODEL=PIPG_orig_precond_Dexplicit_mex   interface\_coder_PIPG_orig_precond_Dexplicit_mex.c /Fobuild\win64\_coder_PIPG_orig_precond_Dexplicit_mex.obj
_coder_PIPG_orig_precond_Dexplicit_mex.c
[13/19] cl /c /Zc:__cplusplus /Zp8 /GR /W3 /EHs /nologo /MD /D_CRT_SECURE_NO_DEPRECATE /D_SCL_SECURE_NO_DEPRECATE /D_SECURE_SCL=0   /DMATLAB_MEX_FILE  /DMATLAB_MEX_FILE /O2 /Oy- /DNDEBUG /fp:strict /utf-8 /I "." /I "C:\Users\thatf\OneDrive\Documents\Purdue Classes\AAE 590ACA\AAE590ACA-Stochastic-SCP-Rocket-Landing\Deterministic SCP\PIPG" /I ".\interface" /I "C:\Program Files\MATLAB\R2024b\extern\include" /I "." -DMODEL=PIPG_orig_precond_Dexplicit_mex   PIPG_orig_precond_Dexplicit_initialize.c /Fobuild\win64\PIPG_orig_precond_Dexplicit_initialize.obj
PIPG_orig_precond_Dexplicit_initialize.c
[14/19] cl /c /Zc:__cplusplus /Zp8 /GR /W3 /EHs /nologo /MD /D_CRT_SECURE_NO_DEPRECATE /D_SCL_SECURE_NO_DEPRECATE /D_SECURE_SCL=0   /DMATLAB_MEX_FILE  /DMATLAB_MEX_FILE /O2 /Oy- /DNDEBUG /fp:strict /utf-8 /I "." /I "C:\Users\thatf\OneDrive\Documents\Purdue Classes\AAE 590ACA\AAE590ACA-Stochastic-SCP-Rocket-Landing\Deterministic SCP\PIPG" /I ".\interface" /I "C:\Program Files\MATLAB\R2024b\extern\include" /I "." -DMODEL=PIPG_orig_precond_Dexplicit_mex   PIPG_orig_precond_Dexplicit_emxutil.c /Fobuild\win64\PIPG_orig_precond_Dexplicit_emxutil.obj
PIPG_orig_precond_Dexplicit_emxutil.c
[15/19] cl /c /Zc:__cplusplus /Zp8 /GR /W3 /EHs /nologo /MD /D_CRT_SECURE_NO_DEPRECATE /D_SCL_SECURE_NO_DEPRECATE /D_SECURE_SCL=0   /DMATLAB_MEX_FILE  /DMATLAB_MEX_FILE /O2 /Oy- /DNDEBUG /fp:strict /utf-8 /I "." /I "C:\Users\thatf\OneDrive\Documents\Purdue Classes\AAE 590ACA\AAE590ACA-Stochastic-SCP-Rocket-Landing\Deterministic SCP\PIPG" /I ".\interface" /I "C:\Program Files\MATLAB\R2024b\extern\include" /I "." -DMODEL=PIPG_orig_precond_Dexplicit_mex   mtimes1.c /Fobuild\win64\mtimes1.obj
mtimes1.c
[16/19] cl /c /Zc:__cplusplus /Zp8 /GR /W3 /EHs /nologo /MD /D_CRT_SECURE_NO_DEPRECATE /D_SCL_SECURE_NO_DEPRECATE /D_SECURE_SCL=0   /DMATLAB_MEX_FILE  /DMATLAB_MEX_FILE /O2 /Oy- /DNDEBUG /fp:strict /utf-8 /I "." /I "C:\Users\thatf\OneDrive\Documents\Purdue Classes\AAE 590ACA\AAE590ACA-Stochastic-SCP-Rocket-Landing\Deterministic SCP\PIPG" /I ".\interface" /I "C:\Program Files\MATLAB\R2024b\extern\include" /I "." -DMODEL=PIPG_orig_precond_Dexplicit_mex   interface\_coder_PIPG_orig_precond_Dexplicit_api.c /Fobuild\win64\_coder_PIPG_orig_precond_Dexplicit_api.obj
_coder_PIPG_orig_precond_Dexplicit_api.c
[17/19] cl /c /Zc:__cplusplus /Zp8 /GR /W3 /EHs /nologo /MD /D_CRT_SECURE_NO_DEPRECATE /D_SCL_SECURE_NO_DEPRECATE /D_SECURE_SCL=0   /DMATLAB_MEX_FILE  /DMATLAB_MEX_FILE /O2 /Oy- /DNDEBUG /fp:strict /utf-8 /I "." /I "C:\Users\thatf\OneDrive\Documents\Purdue Classes\AAE 590ACA\AAE590ACA-Stochastic-SCP-Rocket-Landing\Deterministic SCP\PIPG" /I ".\interface" /I "C:\Program Files\MATLAB\R2024b\extern\include" /I "." -DMODEL=PIPG_orig_precond_Dexplicit_mex   sparse.c /Fobuild\win64\sparse.obj
sparse.c
[18/19] cl /c /Zc:__cplusplus /Zp8 /GR /W3 /EHs /nologo /MD /D_CRT_SECURE_NO_DEPRECATE /D_SCL_SECURE_NO_DEPRECATE /D_SECURE_SCL=0   /DMATLAB_MEX_FILE  /DMATLAB_MEX_FILE /O2 /Oy- /DNDEBUG /fp:strict /utf-8 /I "." /I "C:\Users\thatf\OneDrive\Documents\Purdue Classes\AAE 590ACA\AAE590ACA-Stochastic-SCP-Rocket-Landing\Deterministic SCP\PIPG" /I ".\interface" /I "C:\Program Files\MATLAB\R2024b\extern\include" /I "." -DMODEL=PIPG_orig_precond_Dexplicit_mex   PIPG_orig_precond_Dexplicit.c /Fobuild\win64\PIPG_orig_precond_Dexplicit.obj
PIPG_orig_precond_Dexplicit.c
[19/19] link @PIPG_orig_precond_Dexplicit_mex.mexw64.rsp  /nologo    /DLL /LIBPATH:"C:\Program Files\MATLAB\R2024b\extern\lib\win64\microsoft" libmx.lib libmex.lib libmat.lib kernel32.lib user32.lib gdi32.lib winspool.lib comdlg32.lib advapi32.lib shell32.lib ole32.lib oleaut32.lib uuid.lib odbc32.lib odbccp32.lib  /out:"PIPG_orig_precond_Dexplicit_mex.mexw64" /LIBPATH:"C:\Program Files\MATLAB\R2024b\extern\lib\win64\microsoft" libmwblas.lib libemlrt.lib libcovrt.lib libut.lib libmwmathutil.lib  /export:mexFunction /export:mexfilerequiredapiversion /export:emlrtMexFcnProperties /export:PIPG_orig_precond_Dexplicit /export:PIPG_orig_precond_Dexplicit_initialize /export:PIPG_orig_precond_Dexplicit_terminate /export:PIPG_orig_precond_Dexplicit_atexit /export:emlrt_marshallIn /export:b_emlrt_marshallIn /export:v_emlrt_marshallIn /export:emxEnsureCapacity_real_T /export:emxEnsureCapacity_int32_T /export:emxFreeStruct_struct0_T /export:emxFreeStruct_sparse /export:emxFree_real_T /export:emxFree_int32_T /export:emxInitStruct_struct0_T /export:emxInitStruct_rtString /export:emxInitStruct_sparse /export:emxInit_real_T /export:emxInit_int32_T
   Creating library PIPG_orig_precond_Dexplicit_mex.lib and object PIPG_orig_precond_Dexplicit_mex.exp
